<?xml version="1.0" encoding="UTF-8"?>
<testng-results ignored="0" total="0" passed="0" failed="0" skipped="0">
  <reporter-output>
  </reporter-output>
  <suite started-at="2022-05-04T23:11:49 IDT" name="Surefire suite" finished-at="2022-05-04T23:11:49 IDT" duration-ms="5">
    <groups>
    </groups>
    <test started-at="2022-05-04T23:11:49 IDT" name="Surefire test" finished-at="2022-05-04T23:11:49 IDT" duration-ms="5">
    </test> <!-- Surefire test -->
  </suite> <!-- Surefire suite -->
</testng-results>
